INFO:root:Creation of 32 bit srec file: "C:/SiliconLabs/SimplicityStudio/v4_2/developer/toolchains/gnu_arm/7.2_2017q4/bin/arm-none-eabi-objcopy" --srec-forceS3 -O srec "gp_combo_mg21_v670.axf" "gp_combo_mg21_v670.s37"
INFO:root:Creation of gbl file: C:\SiliconLabs\SimplicityStudio\v4_2\developer\adapter_packs\commander\commander.exe gbl create "gp_combo_mg21_v670.gbl" --app "gp_combo_mg21_v670.s37" --device EFR32MG21A010F1024IM32
INFO:root:Creation of ota file:  echo Image-builder not invoked since 'OTA Bootload Cluster Policy plugin' is not enabled
INFO:root:Creation of 32 bit srec file: "C:/SiliconLabs/SimplicityStudio/v4_2/developer/toolchains/gnu_arm/7.2_2017q4/bin/arm-none-eabi-objcopy" --srec-forceS3 -O srec "gp_combo_mg21_v670.axf" "gp_combo_mg21_v670.s37"
INFO:root:Creation of gbl file: C:\SiliconLabs\SimplicityStudio\v4_2\developer\adapter_packs\commander\commander.exe gbl create "gp_combo_mg21_v670.gbl" --app "gp_combo_mg21_v670.s37" --device EFR32MG21A010F1024IM32
INFO:root:Creation of ota file:  echo Image-builder not invoked since 'OTA Bootload Cluster Policy plugin' is not enabled
INFO:root:Creation of 32 bit srec file: "C:/SiliconLabs/SimplicityStudio/v4_2/developer/toolchains/gnu_arm/7.2_2017q4/bin/arm-none-eabi-objcopy" --srec-forceS3 -O srec "gp_combo_mg21_v670.axf" "gp_combo_mg21_v670.s37"
INFO:root:Creation of gbl file: C:\SiliconLabs\SimplicityStudio\v4_2\developer\adapter_packs\commander\commander.exe gbl create "gp_combo_mg21_v670.gbl" --app "gp_combo_mg21_v670.s37" --device EFR32MG21A010F1024IM32
INFO:root:Creation of ota file:  echo Image-builder not invoked since 'OTA Bootload Cluster Policy plugin' is not enabled
INFO:root:Creation of 32 bit srec file: "C:/SiliconLabs/SimplicityStudio/v4_2/developer/toolchains/gnu_arm/7.2_2017q4/bin/arm-none-eabi-objcopy" --srec-forceS3 -O srec "gp_combo_mg21_v670.axf" "gp_combo_mg21_v670.s37"
INFO:root:Creation of gbl file: C:\SiliconLabs\SimplicityStudio\v4_2\developer\adapter_packs\commander\commander.exe gbl create "gp_combo_mg21_v670.gbl" --app "gp_combo_mg21_v670.s37" --device EFR32MG21A010F1024IM32
INFO:root:Creation of ota file:  echo Image-builder not invoked since 'OTA Bootload Cluster Policy plugin' is not enabled
INFO:root:Creation of 32 bit srec file: "C:/SiliconLabs/SimplicityStudio/v4_2/developer/toolchains/gnu_arm/7.2_2017q4/bin/arm-none-eabi-objcopy" --srec-forceS3 -O srec "gp_combo_mg21_v670.axf" "gp_combo_mg21_v670.s37"
INFO:root:Creation of gbl file: C:\SiliconLabs\SimplicityStudio\v4_2\developer\adapter_packs\commander\commander.exe gbl create "gp_combo_mg21_v670.gbl" --app "gp_combo_mg21_v670.s37" --device EFR32MG21A010F1024IM32
INFO:root:Creation of ota file:  echo Image-builder not invoked since 'OTA Bootload Cluster Policy plugin' is not enabled
INFO:root:Creation of 32 bit srec file: "C:/SiliconLabs/SimplicityStudio/v4_2/developer/toolchains/gnu_arm/7.2_2017q4/bin/arm-none-eabi-objcopy" --srec-forceS3 -O srec "gp_combo_mg21_v670.axf" "gp_combo_mg21_v670.s37"
INFO:root:Creation of gbl file: C:\SiliconLabs\SimplicityStudio\v4_2\developer\adapter_packs\commander\commander.exe gbl create "gp_combo_mg21_v670.gbl" --app "gp_combo_mg21_v670.s37" --device EFR32MG21A010F1024IM32
INFO:root:Creation of ota file:  echo Image-builder not invoked since 'OTA Bootload Cluster Policy plugin' is not enabled
INFO:root:Creation of 32 bit srec file: "C:/SiliconLabs/SimplicityStudio/v4_2/developer/toolchains/gnu_arm/7.2_2017q4/bin/arm-none-eabi-objcopy" --srec-forceS3 -O srec "gp_combo_mg21_v670.axf" "gp_combo_mg21_v670.s37"
INFO:root:Creation of gbl file: C:\SiliconLabs\SimplicityStudio\v4_2\developer\adapter_packs\commander\commander.exe gbl create "gp_combo_mg21_v670.gbl" --app "gp_combo_mg21_v670.s37" --device EFR32MG21A010F1024IM32
INFO:root:Creation of ota file:  echo Image-builder not invoked since 'OTA Bootload Cluster Policy plugin' is not enabled
INFO:root:Creation of 32 bit srec file: "C:/SiliconLabs/SimplicityStudio/v4_2/developer/toolchains/gnu_arm/7.2_2017q4/bin/arm-none-eabi-objcopy" --srec-forceS3 -O srec "gp_combo_mg21_v670.axf" "gp_combo_mg21_v670.s37"
INFO:root:Creation of gbl file: C:\SiliconLabs\SimplicityStudio\v4_2\developer\adapter_packs\commander\commander.exe gbl create "gp_combo_mg21_v670.gbl" --app "gp_combo_mg21_v670.s37" --device EFR32MG21A010F1024IM32
INFO:root:Creation of ota file:  echo Image-builder not invoked since 'OTA Bootload Cluster Policy plugin' is not enabled
INFO:root:Creation of 32 bit srec file: "C:/SiliconLabs/SimplicityStudio/v4_2/developer/toolchains/gnu_arm/7.2_2017q4/bin/arm-none-eabi-objcopy" --srec-forceS3 -O srec "gp_combo_mg21_v670.axf" "gp_combo_mg21_v670.s37"
INFO:root:Creation of gbl file: C:\SiliconLabs\SimplicityStudio\v4_2\developer\adapter_packs\commander\commander.exe gbl create "gp_combo_mg21_v670.gbl" --app "gp_combo_mg21_v670.s37" --device EFR32MG21A010F1024IM32
INFO:root:Creation of ota file:  echo Image-builder not invoked since 'OTA Bootload Cluster Policy plugin' is not enabled
INFO:root:Creation of 32 bit srec file: "C:/SiliconLabs/SimplicityStudio/v4_2/developer/toolchains/gnu_arm/7.2_2017q4/bin/arm-none-eabi-objcopy" --srec-forceS3 -O srec "gp_combo_mg21_v670.axf" "gp_combo_mg21_v670.s37"
INFO:root:Creation of gbl file: C:\SiliconLabs\SimplicityStudio\v4_2\developer\adapter_packs\commander\commander.exe gbl create "gp_combo_mg21_v670.gbl" --app "gp_combo_mg21_v670.s37" --device EFR32MG21A010F1024IM32
INFO:root:Creation of ota file:  echo Image-builder not invoked since 'OTA Bootload Cluster Policy plugin' is not enabled
INFO:root:Creation of 32 bit srec file: "C:/SiliconLabs/SimplicityStudio/v4_2/developer/toolchains/gnu_arm/7.2_2017q4/bin/arm-none-eabi-objcopy" --srec-forceS3 -O srec "gp_combo_mg21_v670.axf" "gp_combo_mg21_v670.s37"
INFO:root:Creation of gbl file: C:\SiliconLabs\SimplicityStudio\v4_2\developer\adapter_packs\commander\commander.exe gbl create "gp_combo_mg21_v670.gbl" --app "gp_combo_mg21_v670.s37" --device EFR32MG21A010F1024IM32
INFO:root:Creation of ota file:  echo Image-builder not invoked since 'OTA Bootload Cluster Policy plugin' is not enabled
INFO:root:Creation of 32 bit srec file: "C:/SiliconLabs/SimplicityStudio/v4_2/developer/toolchains/gnu_arm/7.2_2017q4/bin/arm-none-eabi-objcopy" --srec-forceS3 -O srec "gp_combo_mg21_v670.axf" "gp_combo_mg21_v670.s37"
INFO:root:Creation of gbl file: C:\SiliconLabs\SimplicityStudio\v4_2\developer\adapter_packs\commander\commander.exe gbl create "gp_combo_mg21_v670.gbl" --app "gp_combo_mg21_v670.s37" --device EFR32MG21A010F1024IM32
INFO:root:Creation of ota file:  echo Image-builder not invoked since 'OTA Bootload Cluster Policy plugin' is not enabled
INFO:root:Creation of 32 bit srec file: "C:/SiliconLabs/SimplicityStudio/v4_2/developer/toolchains/gnu_arm/7.2_2017q4/bin/arm-none-eabi-objcopy" --srec-forceS3 -O srec "gp_combo_mg21_v670.axf" "gp_combo_mg21_v670.s37"
INFO:root:Creation of gbl file: C:\SiliconLabs\SimplicityStudio\v4_2\developer\adapter_packs\commander\commander.exe gbl create "gp_combo_mg21_v670.gbl" --app "gp_combo_mg21_v670.s37" --device EFR32MG21A010F1024IM32
INFO:root:Creation of ota file:  echo Image-builder not invoked since 'OTA Bootload Cluster Policy plugin' is not enabled
INFO:root:Creation of 32 bit srec file: "C:/SiliconLabs/SimplicityStudio/v4_2/developer/toolchains/gnu_arm/7.2_2017q4/bin/arm-none-eabi-objcopy" --srec-forceS3 -O srec "gp_combo_mg21_v670.axf" "gp_combo_mg21_v670.s37"
INFO:root:Creation of gbl file: C:\SiliconLabs\SimplicityStudio\v4_2\developer\adapter_packs\commander\commander.exe gbl create "gp_combo_mg21_v670.gbl" --app "gp_combo_mg21_v670.s37" --device EFR32MG21A010F1024IM32
INFO:root:Creation of ota file:  echo Image-builder not invoked since 'OTA Bootload Cluster Policy plugin' is not enabled
INFO:root:Creation of 32 bit srec file: "C:/SiliconLabs/SimplicityStudio/v4_2/developer/toolchains/gnu_arm/7.2_2017q4/bin/arm-none-eabi-objcopy" --srec-forceS3 -O srec "gp_combo_mg21_v670.axf" "gp_combo_mg21_v670.s37"
INFO:root:Creation of gbl file: C:\SiliconLabs\SimplicityStudio\v4_2\developer\adapter_packs\commander\commander.exe gbl create "gp_combo_mg21_v670.gbl" --app "gp_combo_mg21_v670.s37" --device EFR32MG21A010F1024IM32
INFO:root:Creation of ota file:  echo Image-builder not invoked since 'OTA Bootload Cluster Policy plugin' is not enabled
INFO:root:Creation of 32 bit srec file: "C:/SiliconLabs/SimplicityStudio/v4_2/developer/toolchains/gnu_arm/7.2_2017q4/bin/arm-none-eabi-objcopy" --srec-forceS3 -O srec "gp_combo_mg21_v670.axf" "gp_combo_mg21_v670.s37"
INFO:root:Creation of gbl file: C:\SiliconLabs\SimplicityStudio\v4_2\developer\adapter_packs\commander\commander.exe gbl create "gp_combo_mg21_v670.gbl" --app "gp_combo_mg21_v670.s37" --device EFR32MG21A010F1024IM32
INFO:root:Creation of ota file:  "C:/Users/alji/SimplicityStudio/v4_workspace/gp_combo_mg21_v670\..\..\..\..\..\SiliconLabs\SimplicityStudio\v4_2\developer\sdks\gecko_sdk_suite\v2.7\protocol\zigbee\tool\image-builder\image-builder-windows.exe" --create "gp_combo_mg21_v670.ota" --version 1 --manuf-id 0x1002 --image-type 0 --tag-id 0x0000 --tag-file "gp_combo_mg21_v670.gbl" --string "EBL gp_combo_mg21_v670"
INFO:root:OTA file has been created
INFO:root:Creation of 32 bit srec file: "C:/SiliconLabs/SimplicityStudio/v4_2/developer/toolchains/gnu_arm/7.2_2017q4/bin/arm-none-eabi-objcopy" --srec-forceS3 -O srec "gp_combo_mg21_v670.axf" "gp_combo_mg21_v670.s37"
INFO:root:Creation of gbl file: C:\SiliconLabs\SimplicityStudio\v4_2\developer\adapter_packs\commander\commander.exe gbl create "gp_combo_mg21_v670.gbl" --app "gp_combo_mg21_v670.s37" --device EFR32MG21A010F1024IM32
INFO:root:Creation of ota file:  "C:/Users/alji/SimplicityStudio/v4_workspace/gp_combo_mg21_v670\..\..\..\..\..\SiliconLabs\SimplicityStudio\v4_2\developer\sdks\gecko_sdk_suite\v2.7\protocol\zigbee\tool\image-builder\image-builder-windows.exe" --create "gp_combo_mg21_v670.ota" --version 1 --manuf-id 0x1002 --image-type 0 --tag-id 0x0000 --tag-file "gp_combo_mg21_v670.gbl" --string "EBL gp_combo_mg21_v670"
INFO:root:OTA file has been created
INFO:root:Creation of 32 bit srec file: "C:/SiliconLabs/SimplicityStudio/v4_2/developer/toolchains/gnu_arm/7.2_2017q4/bin/arm-none-eabi-objcopy" --srec-forceS3 -O srec "gp_combo_mg21_v670.axf" "gp_combo_mg21_v670.s37"
INFO:root:Creation of gbl file: C:\SiliconLabs\SimplicityStudio\v4_2\developer\adapter_packs\commander\commander.exe gbl create "gp_combo_mg21_v670.gbl" --app "gp_combo_mg21_v670.s37" --device EFR32MG21A010F1024IM32
INFO:root:Creation of ota file:  "C:/Users/alji/SimplicityStudio/v4_workspace/gp_combo_mg21_v670\..\..\..\..\..\SiliconLabs\SimplicityStudio\v4_2\developer\sdks\gecko_sdk_suite\v2.7\protocol\zigbee\tool\image-builder\image-builder-windows.exe" --create "gp_combo_mg21_v670.ota" --version 1 --manuf-id 0x1002 --image-type 0 --tag-id 0x0000 --tag-file "gp_combo_mg21_v670.gbl" --string "EBL gp_combo_mg21_v670"
INFO:root:OTA file has been created
INFO:root:Creation of 32 bit srec file: "C:/SiliconLabs/SimplicityStudio/v4_2/developer/toolchains/gnu_arm/7.2_2017q4/bin/arm-none-eabi-objcopy" --srec-forceS3 -O srec "gp_combo_mg21_v670.axf" "gp_combo_mg21_v670.s37"
INFO:root:Creation of gbl file: C:\SiliconLabs\SimplicityStudio\v4_2\developer\adapter_packs\commander\commander.exe gbl create "gp_combo_mg21_v670.gbl" --app "gp_combo_mg21_v670.s37" --device EFR32MG21A010F1024IM32
INFO:root:Creation of ota file:  "C:/Users/alji/SimplicityStudio/v4_workspace/gp_combo_mg21_v670\..\..\..\..\..\SiliconLabs\SimplicityStudio\v4_2\developer\sdks\gecko_sdk_suite\v2.7\protocol\zigbee\tool\image-builder\image-builder-windows.exe" --create "gp_combo_mg21_v670.ota" --version 1 --manuf-id 0x1002 --image-type 0 --tag-id 0x0000 --tag-file "gp_combo_mg21_v670.gbl" --string "EBL gp_combo_mg21_v670"
INFO:root:OTA file has been created
INFO:root:Creation of 32 bit srec file: "C:/SiliconLabs/SimplicityStudio/v4_2/developer/toolchains/gnu_arm/7.2_2017q4/bin/arm-none-eabi-objcopy" --srec-forceS3 -O srec "gp_combo_mg21_v670.axf" "gp_combo_mg21_v670.s37"
INFO:root:Creation of gbl file: C:\SiliconLabs\SimplicityStudio\v4_2\developer\adapter_packs\commander\commander.exe gbl create "gp_combo_mg21_v670.gbl" --app "gp_combo_mg21_v670.s37" --device EFR32MG21A010F1024IM32
INFO:root:Creation of ota file:  "C:/Users/alji/SimplicityStudio/v4_workspace/gp_combo_mg21_v670\..\..\..\..\..\SiliconLabs\SimplicityStudio\v4_2\developer\sdks\gecko_sdk_suite\v2.7\protocol\zigbee\tool\image-builder\image-builder-windows.exe" --create "gp_combo_mg21_v670.ota" --version 1 --manuf-id 0x1002 --image-type 0 --tag-id 0x0000 --tag-file "gp_combo_mg21_v670.gbl" --string "EBL gp_combo_mg21_v670"
INFO:root:OTA file has been created
INFO:root:Creation of 32 bit srec file: "C:/SiliconLabs/SimplicityStudio/v4_2/developer/toolchains/gnu_arm/7.2_2017q4/bin/arm-none-eabi-objcopy" --srec-forceS3 -O srec "gp_combo_mg21_v670.axf" "gp_combo_mg21_v670.s37"
INFO:root:Creation of gbl file: C:\SiliconLabs\SimplicityStudio\v4_2\developer\adapter_packs\commander\commander.exe gbl create "gp_combo_mg21_v670.gbl" --app "gp_combo_mg21_v670.s37" --device EFR32MG21A010F1024IM32
INFO:root:Creation of ota file:  "C:/Users/alji/SimplicityStudio/v4_workspace/gp_combo_mg21_v670\..\..\..\..\..\SiliconLabs\SimplicityStudio\v4_2\developer\sdks\gecko_sdk_suite\v2.7\protocol\zigbee\tool\image-builder\image-builder-windows.exe" --create "gp_combo_mg21_v670.ota" --version 1 --manuf-id 0x1002 --image-type 0 --tag-id 0x0000 --tag-file "gp_combo_mg21_v670.gbl" --string "EBL gp_combo_mg21_v670"
INFO:root:OTA file has been created
INFO:root:Creation of 32 bit srec file: "C:/SiliconLabs/SimplicityStudio/v4_2/developer/toolchains/gnu_arm/7.2_2017q4/bin/arm-none-eabi-objcopy" --srec-forceS3 -O srec "gp_combo_mg21_v670.axf" "gp_combo_mg21_v670.s37"
INFO:root:Creation of gbl file: C:\SiliconLabs\SimplicityStudio\v4_2\developer\adapter_packs\commander\commander.exe gbl create "gp_combo_mg21_v670.gbl" --app "gp_combo_mg21_v670.s37" --device EFR32MG21A010F1024IM32
INFO:root:Creation of ota file:  "C:/Users/alji/SimplicityStudio/v4_workspace/gp_combo_mg21_v670\..\..\..\..\..\SiliconLabs\SimplicityStudio\v4_2\developer\sdks\gecko_sdk_suite\v2.7\protocol\zigbee\tool\image-builder\image-builder-windows.exe" --create "gp_combo_mg21_v670.ota" --version 1 --manuf-id 0x1002 --image-type 0 --tag-id 0x0000 --tag-file "gp_combo_mg21_v670.gbl" --string "EBL gp_combo_mg21_v670"
INFO:root:OTA file has been created
INFO:root:Creation of 32 bit srec file: "C:/SiliconLabs/SimplicityStudio/v4_2/developer/toolchains/gnu_arm/7.2_2017q4/bin/arm-none-eabi-objcopy" --srec-forceS3 -O srec "gp_combo_mg21_v670.axf" "gp_combo_mg21_v670.s37"
INFO:root:Creation of gbl file: C:\SiliconLabs\SimplicityStudio\v4_2\developer\adapter_packs\commander\commander.exe gbl create "gp_combo_mg21_v670.gbl" --app "gp_combo_mg21_v670.s37" --device EFR32MG21A010F1024IM32
INFO:root:Creation of ota file:  "C:/Users/alji/SimplicityStudio/v4_workspace/gp_combo_mg21_v670\..\..\..\..\..\SiliconLabs\SimplicityStudio\v4_2\developer\sdks\gecko_sdk_suite\v2.7\protocol\zigbee\tool\image-builder\image-builder-windows.exe" --create "gp_combo_mg21_v670.ota" --version 1 --manuf-id 0x1002 --image-type 0 --tag-id 0x0000 --tag-file "gp_combo_mg21_v670.gbl" --string "EBL gp_combo_mg21_v670"
INFO:root:OTA file has been created
INFO:root:Creation of 32 bit srec file: "C:/SiliconLabs/SimplicityStudio/v4_2/developer/toolchains/gnu_arm/7.2_2017q4/bin/arm-none-eabi-objcopy" --srec-forceS3 -O srec "gp_combo_mg21_v670.axf" "gp_combo_mg21_v670.s37"
INFO:root:Creation of gbl file: C:\SiliconLabs\SimplicityStudio\v4_2\developer\adapter_packs\commander\commander.exe gbl create "gp_combo_mg21_v670.gbl" --app "gp_combo_mg21_v670.s37" --device EFR32MG21A010F1024IM32
INFO:root:Creation of ota file:  "C:/Users/alji/SimplicityStudio/v4_workspace/gp_combo_mg21_v670\..\..\..\..\..\SiliconLabs\SimplicityStudio\v4_2\developer\sdks\gecko_sdk_suite\v2.7\protocol\zigbee\tool\image-builder\image-builder-windows.exe" --create "gp_combo_mg21_v670.ota" --version 1 --manuf-id 0x1002 --image-type 0 --tag-id 0x0000 --tag-file "gp_combo_mg21_v670.gbl" --string "EBL gp_combo_mg21_v670"
INFO:root:OTA file has been created
INFO:root:Creation of 32 bit srec file: "C:/SiliconLabs/SimplicityStudio/v4_2/developer/toolchains/gnu_arm/7.2_2017q4/bin/arm-none-eabi-objcopy" --srec-forceS3 -O srec "gp_combo_mg21_v670.axf" "gp_combo_mg21_v670.s37"
INFO:root:Creation of gbl file: C:\SiliconLabs\SimplicityStudio\v4_2\developer\adapter_packs\commander\commander.exe gbl create "gp_combo_mg21_v670.gbl" --app "gp_combo_mg21_v670.s37" --device EFR32MG21A010F1024IM32
INFO:root:Creation of ota file:  "C:/Users/alji/SimplicityStudio/v4_workspace/gp_combo_mg21_v670\..\..\..\..\..\SiliconLabs\SimplicityStudio\v4_2\developer\sdks\gecko_sdk_suite\v2.7\protocol\zigbee\tool\image-builder\image-builder-windows.exe" --create "gp_combo_mg21_v670.ota" --version 1 --manuf-id 0x1002 --image-type 0 --tag-id 0x0000 --tag-file "gp_combo_mg21_v670.gbl" --string "EBL gp_combo_mg21_v670"
INFO:root:OTA file has been created
INFO:root:Creation of 32 bit srec file: "C:/SiliconLabs/SimplicityStudio/v4_2/developer/toolchains/gnu_arm/7.2_2017q4/bin/arm-none-eabi-objcopy" --srec-forceS3 -O srec "gp_combo_mg21_v670.axf" "gp_combo_mg21_v670.s37"
INFO:root:Creation of gbl file: C:\SiliconLabs\SimplicityStudio\v4_2\developer\adapter_packs\commander\commander.exe gbl create "gp_combo_mg21_v670.gbl" --app "gp_combo_mg21_v670.s37" --device EFR32MG21A010F1024IM32
INFO:root:Creation of ota file:  "C:/Users/alji/SimplicityStudio/v4_workspace/gp_combo_mg21_v670\..\..\..\..\..\SiliconLabs\SimplicityStudio\v4_2\developer\sdks\gecko_sdk_suite\v2.7\protocol\zigbee\tool\image-builder\image-builder-windows.exe" --create "gp_combo_mg21_v670.ota" --version 1 --manuf-id 0x1002 --image-type 0 --tag-id 0x0000 --tag-file "gp_combo_mg21_v670.gbl" --string "EBL gp_combo_mg21_v670"
INFO:root:OTA file has been created
INFO:root:Creation of 32 bit srec file: "C:/SiliconLabs/SimplicityStudio/v4_2/developer/toolchains/gnu_arm/7.2_2017q4/bin/arm-none-eabi-objcopy" --srec-forceS3 -O srec "gp_combo_mg21_v670.axf" "gp_combo_mg21_v670.s37"
INFO:root:Creation of gbl file: C:\SiliconLabs\SimplicityStudio\v4_2\developer\adapter_packs\commander\commander.exe gbl create "gp_combo_mg21_v670.gbl" --app "gp_combo_mg21_v670.s37" --device EFR32MG21A010F1024IM32
INFO:root:Creation of ota file:  "C:/Users/alji/SimplicityStudio/v4_workspace/gp_combo_mg21_v670\..\..\..\..\..\SiliconLabs\SimplicityStudio\v4_2\developer\sdks\gecko_sdk_suite\v2.7\protocol\zigbee\tool\image-builder\image-builder-windows.exe" --create "gp_combo_mg21_v670.ota" --version 1 --manuf-id 0x1002 --image-type 0 --tag-id 0x0000 --tag-file "gp_combo_mg21_v670.gbl" --string "EBL gp_combo_mg21_v670"
INFO:root:OTA file has been created
INFO:root:Creation of 32 bit srec file: "C:/SiliconLabs/SimplicityStudio/v4_2/developer/toolchains/gnu_arm/7.2_2017q4/bin/arm-none-eabi-objcopy" --srec-forceS3 -O srec "gp_combo_mg21_v670.axf" "gp_combo_mg21_v670.s37"
INFO:root:Creation of gbl file: C:\SiliconLabs\SimplicityStudio\v4_2\developer\adapter_packs\commander\commander.exe gbl create "gp_combo_mg21_v670.gbl" --app "gp_combo_mg21_v670.s37" --device EFR32MG21A010F1024IM32
INFO:root:Creation of ota file:  "C:/Users/alji/SimplicityStudio/v4_workspace/gp_combo_mg21_v670\..\..\..\..\..\SiliconLabs\SimplicityStudio\v4_2\developer\sdks\gecko_sdk_suite\v2.7\protocol\zigbee\tool\image-builder\image-builder-windows.exe" --create "gp_combo_mg21_v670.ota" --version 1 --manuf-id 0x1002 --image-type 0 --tag-id 0x0000 --tag-file "gp_combo_mg21_v670.gbl" --string "EBL gp_combo_mg21_v670"
INFO:root:OTA file has been created
INFO:root:Creation of 32 bit srec file: "C:/SiliconLabs/SimplicityStudio/v4_2/developer/toolchains/gnu_arm/7.2_2017q4/bin/arm-none-eabi-objcopy" --srec-forceS3 -O srec "gp_combo_mg21_v670.axf" "gp_combo_mg21_v670.s37"
INFO:root:Creation of gbl file: C:\SiliconLabs\SimplicityStudio\v4_2\developer\adapter_packs\commander\commander.exe gbl create "gp_combo_mg21_v670.gbl" --app "gp_combo_mg21_v670.s37" --device EFR32MG21A010F1024IM32
INFO:root:Creation of ota file:  "C:/Users/alji/SimplicityStudio/v4_workspace/gp_combo_mg21_v670\..\..\..\..\..\SiliconLabs\SimplicityStudio\v4_2\developer\sdks\gecko_sdk_suite\v2.7\protocol\zigbee\tool\image-builder\image-builder-windows.exe" --create "gp_combo_mg21_v670.ota" --version 1 --manuf-id 0x1002 --image-type 0 --tag-id 0x0000 --tag-file "gp_combo_mg21_v670.gbl" --string "EBL gp_combo_mg21_v670"
INFO:root:OTA file has been created
INFO:root:Creation of 32 bit srec file: "C:/SiliconLabs/SimplicityStudio/v4_2/developer/toolchains/gnu_arm/7.2_2017q4/bin/arm-none-eabi-objcopy" --srec-forceS3 -O srec "gp_combo_mg21_v670.axf" "gp_combo_mg21_v670.s37"
INFO:root:Creation of gbl file: C:\SiliconLabs\SimplicityStudio\v4_2\developer\adapter_packs\commander\commander.exe gbl create "gp_combo_mg21_v670.gbl" --app "gp_combo_mg21_v670.s37" --device EFR32MG21A010F1024IM32
INFO:root:Creation of ota file:  "C:/Users/alji/SimplicityStudio/v4_workspace/gp_combo_mg21_v670\..\..\..\..\..\SiliconLabs\SimplicityStudio\v4_2\developer\sdks\gecko_sdk_suite\v2.7\protocol\zigbee\tool\image-builder\image-builder-windows.exe" --create "gp_combo_mg21_v670.ota" --version 1 --manuf-id 0x1002 --image-type 0 --tag-id 0x0000 --tag-file "gp_combo_mg21_v670.gbl" --string "EBL gp_combo_mg21_v670"
INFO:root:OTA file has been created
INFO:root:Creation of 32 bit srec file: "C:/SiliconLabs/SimplicityStudio/v4_2/developer/toolchains/gnu_arm/7.2_2017q4/bin/arm-none-eabi-objcopy" --srec-forceS3 -O srec "gp_combo_mg21_v670.axf" "gp_combo_mg21_v670.s37"
INFO:root:Creation of gbl file: C:\SiliconLabs\SimplicityStudio\v4_2\developer\adapter_packs\commander\commander.exe gbl create "gp_combo_mg21_v670.gbl" --app "gp_combo_mg21_v670.s37" --device EFR32MG21A010F1024IM32
INFO:root:Creation of ota file:  "C:/Users/alji/SimplicityStudio/v4_workspace/gp_combo_mg21_v670\..\..\..\..\..\SiliconLabs\SimplicityStudio\v4_2\developer\sdks\gecko_sdk_suite\v2.7\protocol\zigbee\tool\image-builder\image-builder-windows.exe" --create "gp_combo_mg21_v670.ota" --version 1 --manuf-id 0x1002 --image-type 0 --tag-id 0x0000 --tag-file "gp_combo_mg21_v670.gbl" --string "EBL gp_combo_mg21_v670"
INFO:root:OTA file has been created
INFO:root:Creation of 32 bit srec file: "C:/SiliconLabs/SimplicityStudio/v4_2/developer/toolchains/gnu_arm/7.2_2017q4/bin/arm-none-eabi-objcopy" --srec-forceS3 -O srec "gp_combo_mg21_v670.axf" "gp_combo_mg21_v670.s37"
INFO:root:Creation of gbl file: C:\SiliconLabs\SimplicityStudio\v4_2\developer\adapter_packs\commander\commander.exe gbl create "gp_combo_mg21_v670.gbl" --app "gp_combo_mg21_v670.s37" --device EFR32MG21A010F1024IM32
INFO:root:Creation of ota file:  "C:/Users/alji/SimplicityStudio/v4_workspace/gp_combo_mg21_v670\..\..\..\..\..\SiliconLabs\SimplicityStudio\v4_2\developer\sdks\gecko_sdk_suite\v2.7\protocol\zigbee\tool\image-builder\image-builder-windows.exe" --create "gp_combo_mg21_v670.ota" --version 1 --manuf-id 0x1002 --image-type 0 --tag-id 0x0000 --tag-file "gp_combo_mg21_v670.gbl" --string "EBL gp_combo_mg21_v670"
INFO:root:OTA file has been created
INFO:root:Creation of 32 bit srec file: "C:/SiliconLabs/SimplicityStudio/v4_2/developer/toolchains/gnu_arm/7.2_2017q4/bin/arm-none-eabi-objcopy" --srec-forceS3 -O srec "gp_combo_mg21_v670.axf" "gp_combo_mg21_v670.s37"
INFO:root:Creation of gbl file: C:\SiliconLabs\SimplicityStudio\v4_2\developer\adapter_packs\commander\commander.exe gbl create "gp_combo_mg21_v670.gbl" --app "gp_combo_mg21_v670.s37" --device EFR32MG21A010F1024IM32
INFO:root:Creation of ota file:  "C:/Users/alji/SimplicityStudio/v4_workspace/gp_combo_mg21_v670\..\..\..\..\..\SiliconLabs\SimplicityStudio\v4_2\developer\sdks\gecko_sdk_suite\v2.7\protocol\zigbee\tool\image-builder\image-builder-windows.exe" --create "gp_combo_mg21_v670.ota" --version 1 --manuf-id 0x1002 --image-type 0 --tag-id 0x0000 --tag-file "gp_combo_mg21_v670.gbl" --string "EBL gp_combo_mg21_v670"
INFO:root:OTA file has been created
INFO:root:Creation of 32 bit srec file: "C:/SiliconLabs/SimplicityStudio/v4_2/developer/toolchains/gnu_arm/7.2_2017q4/bin/arm-none-eabi-objcopy" --srec-forceS3 -O srec "gp_combo_mg21_v670.axf" "gp_combo_mg21_v670.s37"
INFO:root:Creation of gbl file: C:\SiliconLabs\SimplicityStudio\v4_2\developer\adapter_packs\commander\commander.exe gbl create "gp_combo_mg21_v670.gbl" --app "gp_combo_mg21_v670.s37" --device EFR32MG21A010F1024IM32
INFO:root:Creation of ota file:  "C:/Users/alji/SimplicityStudio/v4_workspace/gp_combo_mg21_v670\..\..\..\..\..\SiliconLabs\SimplicityStudio\v4_2\developer\sdks\gecko_sdk_suite\v2.7\protocol\zigbee\tool\image-builder\image-builder-windows.exe" --create "gp_combo_mg21_v670.ota" --version 1 --manuf-id 0x1002 --image-type 0 --tag-id 0x0000 --tag-file "gp_combo_mg21_v670.gbl" --string "EBL gp_combo_mg21_v670"
INFO:root:OTA file has been created
INFO:root:Creation of 32 bit srec file: "C:/SiliconLabs/SimplicityStudio/v4_2/developer/toolchains/gnu_arm/7.2_2017q4/bin/arm-none-eabi-objcopy" --srec-forceS3 -O srec "gp_combo_mg21_v670.axf" "gp_combo_mg21_v670.s37"
INFO:root:Creation of gbl file: C:\SiliconLabs\SimplicityStudio\v4_2\developer\adapter_packs\commander\commander.exe gbl create "gp_combo_mg21_v670.gbl" --app "gp_combo_mg21_v670.s37" --device EFR32MG21A010F1024IM32
INFO:root:Creation of ota file:  "C:/Users/alji/SimplicityStudio/v4_workspace/gp_combo_mg21_v670\..\..\..\..\..\SiliconLabs\SimplicityStudio\v4_2\developer\sdks\gecko_sdk_suite\v2.7\protocol\zigbee\tool\image-builder\image-builder-windows.exe" --create "gp_combo_mg21_v670.ota" --version 1 --manuf-id 0x1002 --image-type 0 --tag-id 0x0000 --tag-file "gp_combo_mg21_v670.gbl" --string "EBL gp_combo_mg21_v670"
INFO:root:OTA file has been created
INFO:root:Creation of 32 bit srec file: "C:/SiliconLabs/SimplicityStudio/v4_2/developer/toolchains/gnu_arm/7.2_2017q4/bin/arm-none-eabi-objcopy" --srec-forceS3 -O srec "gp_combo_mg21_v670.axf" "gp_combo_mg21_v670.s37"
INFO:root:Creation of gbl file: C:\SiliconLabs\SimplicityStudio\v4_2\developer\adapter_packs\commander\commander.exe gbl create "gp_combo_mg21_v670.gbl" --app "gp_combo_mg21_v670.s37" --device EFR32MG21A010F1024IM32
INFO:root:Creation of ota file:  "C:/Users/alji/SimplicityStudio/v4_workspace/gp_combo_mg21_v670\..\..\..\..\..\SiliconLabs\SimplicityStudio\v4_2\developer\sdks\gecko_sdk_suite\v2.7\protocol\zigbee\tool\image-builder\image-builder-windows.exe" --create "gp_combo_mg21_v670.ota" --version 1 --manuf-id 0x1002 --image-type 0 --tag-id 0x0000 --tag-file "gp_combo_mg21_v670.gbl" --string "EBL gp_combo_mg21_v670"
INFO:root:OTA file has been created
INFO:root:Creation of 32 bit srec file: "C:/SiliconLabs/SimplicityStudio/v4_2/developer/toolchains/gnu_arm/7.2_2017q4/bin/arm-none-eabi-objcopy" --srec-forceS3 -O srec "gp_combo_mg21_v670.axf" "gp_combo_mg21_v670.s37"
INFO:root:Creation of gbl file: C:\SiliconLabs\SimplicityStudio\v4_2\developer\adapter_packs\commander\commander.exe gbl create "gp_combo_mg21_v670.gbl" --app "gp_combo_mg21_v670.s37" --device EFR32MG21A010F1024IM32
INFO:root:Creation of ota file:  "C:/Users/alji/SimplicityStudio/v4_workspace/gp_combo_mg21_v670\..\..\..\..\..\SiliconLabs\SimplicityStudio\v4_2\developer\sdks\gecko_sdk_suite\v2.7\protocol\zigbee\tool\image-builder\image-builder-windows.exe" --create "gp_combo_mg21_v670.ota" --version 1 --manuf-id 0x1002 --image-type 0 --tag-id 0x0000 --tag-file "gp_combo_mg21_v670.gbl" --string "EBL gp_combo_mg21_v670"
INFO:root:OTA file has been created
INFO:root:Creation of 32 bit srec file: "C:/SiliconLabs/SimplicityStudio/v4_2/developer/toolchains/gnu_arm/7.2_2017q4/bin/arm-none-eabi-objcopy" --srec-forceS3 -O srec "gp_combo_mg21_v670.axf" "gp_combo_mg21_v670.s37"
INFO:root:Creation of gbl file: C:\SiliconLabs\SimplicityStudio\v4_2\developer\adapter_packs\commander\commander.exe gbl create "gp_combo_mg21_v670.gbl" --app "gp_combo_mg21_v670.s37" --device EFR32MG21A010F1024IM32
INFO:root:Creation of ota file:  "C:/Users/alji/SimplicityStudio/v4_workspace/gp_combo_mg21_v670\..\..\..\..\..\SiliconLabs\SimplicityStudio\v4_2\developer\sdks\gecko_sdk_suite\v2.7\protocol\zigbee\tool\image-builder\image-builder-windows.exe" --create "gp_combo_mg21_v670.ota" --version 1 --manuf-id 0x1002 --image-type 0 --tag-id 0x0000 --tag-file "gp_combo_mg21_v670.gbl" --string "EBL gp_combo_mg21_v670"
INFO:root:OTA file has been created
INFO:root:Creation of 32 bit srec file: "C:/SiliconLabs/SimplicityStudio/v4_2/developer/toolchains/gnu_arm/7.2_2017q4/bin/arm-none-eabi-objcopy" --srec-forceS3 -O srec "gp_combo_mg21_v670.axf" "gp_combo_mg21_v670.s37"
INFO:root:Creation of gbl file: C:\SiliconLabs\SimplicityStudio\v4_2\developer\adapter_packs\commander\commander.exe gbl create "gp_combo_mg21_v670.gbl" --app "gp_combo_mg21_v670.s37" --device EFR32MG21A010F1024IM32
INFO:root:Creation of ota file:  "C:/Users/alji/SimplicityStudio/v4_workspace/gp_combo_mg21_v670\..\..\..\..\..\SiliconLabs\SimplicityStudio\v4_2\developer\sdks\gecko_sdk_suite\v2.7\protocol\zigbee\tool\image-builder\image-builder-windows.exe" --create "gp_combo_mg21_v670.ota" --version 1 --manuf-id 0x1002 --image-type 0 --tag-id 0x0000 --tag-file "gp_combo_mg21_v670.gbl" --string "EBL gp_combo_mg21_v670"
INFO:root:OTA file has been created
INFO:root:Creation of 32 bit srec file: "C:/SiliconLabs/SimplicityStudio/v4_2/developer/toolchains/gnu_arm/7.2_2017q4/bin/arm-none-eabi-objcopy" --srec-forceS3 -O srec "gp_combo_mg21_v670.axf" "gp_combo_mg21_v670.s37"
INFO:root:Creation of gbl file: C:\SiliconLabs\SimplicityStudio\v4_2\developer\adapter_packs\commander\commander.exe gbl create "gp_combo_mg21_v670.gbl" --app "gp_combo_mg21_v670.s37" --device EFR32MG21A010F1024IM32
INFO:root:Creation of ota file:  "C:/Users/alji/SimplicityStudio/v4_workspace/gp_combo_mg21_v670\..\..\..\..\..\SiliconLabs\SimplicityStudio\v4_2\developer\sdks\gecko_sdk_suite\v2.7\protocol\zigbee\tool\image-builder\image-builder-windows.exe" --create "gp_combo_mg21_v670.ota" --version 1 --manuf-id 0x1002 --image-type 0 --tag-id 0x0000 --tag-file "gp_combo_mg21_v670.gbl" --string "EBL gp_combo_mg21_v670"
INFO:root:OTA file has been created
INFO:root:Creation of 32 bit srec file: "C:/SiliconLabs/SimplicityStudio/v4_2/developer/toolchains/gnu_arm/7.2_2017q4/bin/arm-none-eabi-objcopy" --srec-forceS3 -O srec "gp_combo_mg21_v670.axf" "gp_combo_mg21_v670.s37"
INFO:root:Creation of gbl file: C:\SiliconLabs\SimplicityStudio\v4_2\developer\adapter_packs\commander\commander.exe gbl create "gp_combo_mg21_v670.gbl" --app "gp_combo_mg21_v670.s37" --device EFR32MG21A010F1024IM32
INFO:root:Creation of ota file:  "C:/Users/alji/SimplicityStudio/v4_workspace/gp_combo_mg21_v670\..\..\..\..\..\SiliconLabs\SimplicityStudio\v4_2\developer\sdks\gecko_sdk_suite\v2.7\protocol\zigbee\tool\image-builder\image-builder-windows.exe" --create "gp_combo_mg21_v670.ota" --version 1 --manuf-id 0x1002 --image-type 0 --tag-id 0x0000 --tag-file "gp_combo_mg21_v670.gbl" --string "EBL gp_combo_mg21_v670"
INFO:root:OTA file has been created
